#
# There is insufficient memory for the Java Runtime Environment to continue.
# Native memory allocation (malloc) failed to allocate 839696 bytes. Error detail: Chunk::new
# Possible reasons:
#   The system is out of physical RAM or swap space
#   This process is running with CompressedOops enabled, and the Java Heap may be blocking the growth of the native heap
# Possible solutions:
#   Reduce memory load on the system
#   Increase physical memory or swap space
#   Check if swap backing store is full
#   Decrease Java heap size (-Xmx/-Xms)
#   Decrease number of Java threads
#   Decrease Java thread stack sizes (-Xss)
#   Set larger code cache with -XX:ReservedCodeCacheSize=
#   JVM is running with Unscaled Compressed Oops mode in which the Java heap is
#     placed in the first 4GB address space. The Java Heap base address is the
#     maximum limit for the native heap growth. Please use -XX:HeapBaseMinAddress
#     to set the Java Heap base and to place the Java Heap above 4GB virtual address.
# This output file may be truncated or incomplete.
#
#  Out of Memory Error (arena.cpp:168), pid=14844, tid=8868
#
# JRE version: OpenJDK Runtime Environment Temurin-21.0.7+6 (21.0.7+6) (build 21.0.7+6-LTS)
# Java VM: OpenJDK 64-Bit Server VM Temurin-21.0.7+6 (21.0.7+6-LTS, mixed mode, sharing, tiered, compressed oops, compressed class ptrs, parallel gc, windows-amd64)
# No core dump will be written. Minidumps are not enabled by default on client versions of Windows
#

---------------  S U M M A R Y ------------

Command Line: --add-modules=ALL-SYSTEM --add-opens=java.base/java.util=ALL-UNNAMED --add-opens=java.base/java.lang=ALL-UNNAMED --add-opens=java.base/sun.nio.fs=ALL-UNNAMED -Declipse.application=org.eclipse.jdt.ls.core.id1 -Dosgi.bundles.defaultStartLevel=4 -Declipse.product=org.eclipse.jdt.ls.core.product -Djava.import.generatesMetadataFilesAtProjectRoot=false -DDetectVMInstallationsJob.disabled=true -Dfile.encoding=utf8 -XX:+UseParallelGC -XX:GCTimeRatio=4 -XX:AdaptiveSizePolicyWeight=90 -Dsun.zip.disableMemoryMapping=true -Xmx2G -Xms100m -Xlog:disable -javaagent:c:\Users\dulsh\.vscode\extensions\redhat.java-1.43.1-win32-x64\lombok\lombok-1.18.39-4050.jar -XX:+HeapDumpOnOutOfMemoryError -XX:HeapDumpPath=c:\Users\dulsh\AppData\Roaming\Code\User\workspaceStorage\b67a3c49d906b0a36183f13a085d2511\redhat.java -Daether.dependencyCollector.impl=bf c:\Users\dulsh\.vscode\extensions\redhat.java-1.43.1-win32-x64\server\plugins\org.eclipse.equinox.launcher_1.7.0.v20250519-0528.jar -configuration c:\Users\dulsh\AppData\Roaming\Code\User\globalStorage\redhat.java\1.43.1\config_win -data c:\Users\dulsh\AppData\Roaming\Code\User\workspaceStorage\b67a3c49d906b0a36183f13a085d2511\redhat.java\jdt_ws --pipe=\\.\pipe\lsp-0870470080097d1a20524cddb7e0a3e3-sock

Host: Intel(R) Core(TM) i3-1005G1 CPU @ 1.20GHz, 4 cores, 3G,  Windows 11 , 64 bit Build 26100 (10.0.26100.4202)
Time: Wed Jul  2 10:55:18 2025 Sri Lanka Standard Time elapsed time: 68.931331 seconds (0d 0h 1m 8s)

---------------  T H R E A D  ---------------

Current thread (0x0000020238eebe20):  JavaThread "C2 CompilerThread0" daemon [_thread_in_native, id=8868, stack(0x0000008062d00000,0x0000008062e00000) (1024K)]


Current CompileTask:
C2:68931 12715       4       sun.nio.fs.Globs::toRegexPattern (745 bytes)

Stack: [0x0000008062d00000,0x0000008062e00000]
Native frames: (J=compiled Java code, j=interpreted, Vv=VM code, C=native code)
V  [jvm.dll+0x6ce119]
V  [jvm.dll+0x8a84a1]
V  [jvm.dll+0x8aa9ce]
V  [jvm.dll+0x8ab0b3]
V  [jvm.dll+0x27f8a6]
V  [jvm.dll+0xc507d]
V  [jvm.dll+0xc55b3]
V  [jvm.dll+0x3b68f2]
V  [jvm.dll+0x382aa5]
V  [jvm.dll+0x381f0a]
V  [jvm.dll+0x247af0]
V  [jvm.dll+0x2470cf]
V  [jvm.dll+0x1c760e]
V  [jvm.dll+0x25695a]
V  [jvm.dll+0x254efa]
V  [jvm.dll+0x3f03f6]
V  [jvm.dll+0x851f6b]
V  [jvm.dll+0x6cc7dd]
C  [ucrtbase.dll+0x37b0]
C  [KERNEL32.DLL+0x2e8d7]
C  [ntdll.dll+0x3c34c]


---------------  P R O C E S S  ---------------

Threads class SMR info:
_java_thread_list=0x0000020200eaa900, length=45, elements={
0x00000202224fb5f0, 0x0000020238ed7ae0, 0x0000020238edc200, 0x0000020238ede9c0,
0x0000020238edf610, 0x0000020238ee6480, 0x0000020238eeaff0, 0x0000020238eebe20,
0x0000020238f5ef00, 0x000002027abed660, 0x000002027af33780, 0x000002027f7f0fe0,
0x000002027f331780, 0x000002027f6bd400, 0x000002027f6be4c0, 0x000002020013ae70,
0x00000202000aac50, 0x000002027f2c4d80, 0x000002027f2c5aa0, 0x000002027f2c3340,
0x000002027f2c2620, 0x000002027f2c2cb0, 0x000002027f2c46f0, 0x0000020202072b90,
0x0000020202075980, 0x0000020202073220, 0x0000020202072500, 0x00000202020745d0,
0x0000020202076010, 0x00000202020766a0, 0x00000202020738b0, 0x0000020202076d30,
0x00000202020773c0, 0x0000020202073f40, 0x0000020202077a50, 0x00000202020780e0,
0x0000020202079b20, 0x000002027f2c4060, 0x0000020202516410, 0x00000202025184e0,
0x0000020202517e50, 0x0000020202516aa0, 0x00000202025156f0, 0x0000020202519200,
0x0000020202519f20
}

Java Threads: ( => current thread )
  0x00000202224fb5f0 JavaThread "main"                              [_thread_blocked, id=15024, stack(0x0000008062300000,0x0000008062400000) (1024K)]
  0x0000020238ed7ae0 JavaThread "Reference Handler"          daemon [_thread_blocked, id=16608, stack(0x0000008062700000,0x0000008062800000) (1024K)]
  0x0000020238edc200 JavaThread "Finalizer"                  daemon [_thread_blocked, id=10996, stack(0x0000008062800000,0x0000008062900000) (1024K)]
  0x0000020238ede9c0 JavaThread "Signal Dispatcher"          daemon [_thread_blocked, id=17364, stack(0x0000008062900000,0x0000008062a00000) (1024K)]
  0x0000020238edf610 JavaThread "Attach Listener"            daemon [_thread_blocked, id=18820, stack(0x0000008062a00000,0x0000008062b00000) (1024K)]
  0x0000020238ee6480 JavaThread "Service Thread"             daemon [_thread_blocked, id=6936, stack(0x0000008062b00000,0x0000008062c00000) (1024K)]
  0x0000020238eeaff0 JavaThread "Monitor Deflation Thread"   daemon [_thread_blocked, id=17068, stack(0x0000008062c00000,0x0000008062d00000) (1024K)]
=>0x0000020238eebe20 JavaThread "C2 CompilerThread0"         daemon [_thread_in_native, id=8868, stack(0x0000008062d00000,0x0000008062e00000) (1024K)]
  0x0000020238f5ef00 JavaThread "C1 CompilerThread0"         daemon [_thread_blocked, id=14440, stack(0x0000008062e00000,0x0000008062f00000) (1024K)]
  0x000002027abed660 JavaThread "Common-Cleaner"             daemon [_thread_blocked, id=11768, stack(0x0000008062f00000,0x0000008063000000) (1024K)]
  0x000002027af33780 JavaThread "Notification Thread"        daemon [_thread_blocked, id=12628, stack(0x0000008063000000,0x0000008063100000) (1024K)]
  0x000002027f7f0fe0 JavaThread "Active Thread: Equinox Container: 3e907f17-59f1-4ef7-b984-9331787ad52e"        [_thread_blocked, id=3624, stack(0x0000008063400000,0x0000008063500000) (1024K)]
  0x000002027f331780 JavaThread "Refresh Thread: Equinox Container: 3e907f17-59f1-4ef7-b984-9331787ad52e" daemon [_thread_blocked, id=18716, stack(0x0000008063500000,0x0000008063600000) (1024K)]
  0x000002027f6bd400 JavaThread "Framework Event Dispatcher: Equinox Container: 3e907f17-59f1-4ef7-b984-9331787ad52e" daemon [_thread_blocked, id=16112, stack(0x0000008063600000,0x0000008063700000) (1024K)]
  0x000002027f6be4c0 JavaThread "Start Level: Equinox Container: 3e907f17-59f1-4ef7-b984-9331787ad52e" daemon [_thread_blocked, id=10696, stack(0x0000008063700000,0x0000008063800000) (1024K)]
  0x000002020013ae70 JavaThread "Bundle File Closer"         daemon [_thread_blocked, id=5452, stack(0x0000008063800000,0x0000008063900000) (1024K)]
  0x00000202000aac50 JavaThread "SCR Component Actor"        daemon [_thread_blocked, id=11000, stack(0x0000008063900000,0x0000008063a00000) (1024K)]
  0x000002027f2c4d80 JavaThread "Worker-JM"                         [_thread_blocked, id=15012, stack(0x0000008063b00000,0x0000008063c00000) (1024K)]
  0x000002027f2c5aa0 JavaThread "JNA Cleaner"                daemon [_thread_blocked, id=11848, stack(0x0000008063c00000,0x0000008063d00000) (1024K)]
  0x000002027f2c3340 JavaThread "Worker-0"                          [_thread_blocked, id=16528, stack(0x0000008063d00000,0x0000008063e00000) (1024K)]
  0x000002027f2c2620 JavaThread "Worker-1"                          [_thread_blocked, id=7912, stack(0x0000008063e00000,0x0000008063f00000) (1024K)]
  0x000002027f2c2cb0 JavaThread "Worker-2"                          [_thread_blocked, id=11380, stack(0x0000008063f00000,0x0000008064000000) (1024K)]
  0x000002027f2c46f0 JavaThread "Worker-3"                          [_thread_blocked, id=12112, stack(0x0000008064000000,0x0000008064100000) (1024K)]
  0x0000020202072b90 JavaThread "Java indexing"              daemon [_thread_in_Java, id=8124, stack(0x0000008064100000,0x0000008064200000) (1024K)]
  0x0000020202075980 JavaThread "Worker-4"                          [_thread_blocked, id=5492, stack(0x0000008064200000,0x0000008064300000) (1024K)]
  0x0000020202073220 JavaThread "Worker-5: Java indexing... "        [_thread_blocked, id=2892, stack(0x0000008064400000,0x0000008064500000) (1024K)]
  0x0000020202072500 JavaThread "Worker-6: Initialize Workspace"        [_thread_in_native, id=17052, stack(0x0000008064500000,0x0000008064600000) (1024K)]
  0x00000202020745d0 JavaThread "Thread-2"                   daemon [_thread_in_native, id=3640, stack(0x0000008064600000,0x0000008064700000) (1024K)]
  0x0000020202076010 JavaThread "Thread-3"                   daemon [_thread_in_native, id=8672, stack(0x0000008064700000,0x0000008064800000) (1024K)]
  0x00000202020766a0 JavaThread "Thread-4"                   daemon [_thread_in_native, id=10932, stack(0x0000008064800000,0x0000008064900000) (1024K)]
  0x00000202020738b0 JavaThread "Thread-5"                   daemon [_thread_in_native, id=3848, stack(0x0000008064900000,0x0000008064a00000) (1024K)]
  0x0000020202076d30 JavaThread "Thread-6"                   daemon [_thread_in_native, id=13184, stack(0x0000008064a00000,0x0000008064b00000) (1024K)]
  0x00000202020773c0 JavaThread "pool-2-thread-1"                   [_thread_blocked, id=2288, stack(0x0000008064b00000,0x0000008064c00000) (1024K)]
  0x0000020202073f40 JavaThread "Worker-7"                          [_thread_blocked, id=17356, stack(0x0000008064c00000,0x0000008064d00000) (1024K)]
  0x0000020202077a50 JavaThread "WorkspaceEventsHandler"            [_thread_blocked, id=7936, stack(0x0000008064d00000,0x0000008064e00000) (1024K)]
  0x00000202020780e0 JavaThread "pool-1-thread-1"                   [_thread_blocked, id=9116, stack(0x0000008064e00000,0x0000008064f00000) (1024K)]
  0x0000020202079b20 JavaThread "LocalFile Deleter"          daemon [_thread_blocked, id=16596, stack(0x0000008064f00000,0x0000008065000000) (1024K)]
  0x000002027f2c4060 JavaThread "LocalFile Deleter"          daemon [_thread_blocked, id=7440, stack(0x0000008065000000,0x0000008065100000) (1024K)]
  0x0000020202516410 JavaThread "LocalFile Deleter"          daemon [_thread_blocked, id=7332, stack(0x0000008065100000,0x0000008065200000) (1024K)]
  0x00000202025184e0 JavaThread "LocalFile Deleter"          daemon [_thread_blocked, id=15068, stack(0x0000008065200000,0x0000008065300000) (1024K)]
  0x0000020202517e50 JavaThread "Compiler Source File Reader" daemon [_thread_blocked, id=4712, stack(0x0000008065300000,0x0000008065400000) (1024K)]
  0x0000020202516aa0 JavaThread "Compiler Source File Reader" daemon [_thread_blocked, id=14724, stack(0x0000008065400000,0x0000008065500000) (1024K)]
  0x00000202025156f0 JavaThread "Compiler Processing Task"   daemon [_thread_blocked, id=5148, stack(0x0000008065500000,0x0000008065600000) (1024K)]
  0x0000020202519200 JavaThread "Compiler Class File Writer" daemon [_thread_blocked, id=3704, stack(0x0000008065600000,0x0000008065700000) (1024K)]
  0x0000020202519f20 JavaThread "Compiler Class File Writer" daemon [_thread_blocked, id=1800, stack(0x0000008065700000,0x0000008065800000) (1024K)]
Total: 45

Other Threads:
  0x00000202225bb7f0 VMThread "VM Thread"                           [id=5332, stack(0x0000008062600000,0x0000008062700000) (1024K)]
  0x00000202225687f0 WatcherThread "VM Periodic Task Thread"        [id=18276, stack(0x0000008062500000,0x0000008062600000) (1024K)]
  0x0000020222519dd0 WorkerThread "GC Thread#0"                     [id=17308, stack(0x0000008062400000,0x0000008062500000) (1024K)]
  0x000002027f1cf660 WorkerThread "GC Thread#1"                     [id=2944, stack(0x0000008063100000,0x0000008063200000) (1024K)]
  0x000002027f17c040 WorkerThread "GC Thread#2"                     [id=18796, stack(0x0000008063200000,0x0000008063300000) (1024K)]
  0x000002027f17c3e0 WorkerThread "GC Thread#3"                     [id=15804, stack(0x0000008063300000,0x0000008063400000) (1024K)]
Total: 6

Threads with active compile tasks:
C2 CompilerThread0  68979 12715       4       sun.nio.fs.Globs::toRegexPattern (745 bytes)
Total: 1

VM state: not at safepoint (normal execution)

VM Mutex/Monitor currently owned by a thread: None

Heap address: 0x0000000080000000, size: 2048 MB, Compressed Oops mode: 32-bit

CDS archive(s) mapped at: [0x0000020239000000-0x0000020239ba0000-0x0000020239ba0000), size 12189696, SharedBaseAddress: 0x0000020239000000, ArchiveRelocationMode: 1.
Compressed class space mapped at: 0x000002023a000000-0x000002027a000000, reserved size: 1073741824
Narrow klass base: 0x0000020239000000, Narrow klass shift: 0, Narrow klass range: 0x100000000

GC Precious Log:
 CardTable entry size: 512
 CPUs: 4 total, 4 available
 Memory: 3834M
 Large Page Support: Disabled
 NUMA Support: Disabled
 Compressed Oops: Enabled (32-bit)
 Alignments: Space 512K, Generation 512K, Heap 2M
 Heap Min Capacity: 100M
 Heap Initial Capacity: 100M
 Heap Max Capacity: 2G
 Pre-touch: Disabled
 Parallel Workers: 4

Heap:
 PSYoungGen      total 16384K, used 15653K [0x00000000d5580000, 0x00000000d6800000, 0x0000000100000000)
  eden space 14848K, 97% used [0x00000000d5580000,0x00000000d63a0510,0x00000000d6400000)
  from space 1536K, 77% used [0x00000000d6680000,0x00000000d67a8fd8,0x00000000d6800000)
  to   space 1536K, 0% used [0x00000000d6400000,0x00000000d6400000,0x00000000d6580000)
 ParOldGen       total 73728K, used 73432K [0x0000000080000000, 0x0000000084800000, 0x00000000d5580000)
  object space 73728K, 99% used [0x0000000080000000,0x00000000847b6380,0x0000000084800000)
 Metaspace       used 64596K, committed 66112K, reserved 1114112K
  class space    used 6510K, committed 7232K, reserved 1048576K

Card table byte_map: [0x0000020221ea0000,0x00000202222b0000] _byte_map_base: 0x0000020221aa0000

Marking Bits: (ParMarkBitMap*) 0x00007ffad80331f0
 Begin Bits: [0x00000202349a0000, 0x00000202369a0000)
 End Bits:   [0x00000202369a0000, 0x00000202389a0000)

Polling page: 0x0000020220390000

Metaspace:

Usage:
  Non-class:     56.73 MB used.
      Class:      6.36 MB used.
       Both:     63.08 MB used.

Virtual space:
  Non-class space:       64.00 MB reserved,      57.50 MB ( 90%) committed,  1 nodes.
      Class space:        1.00 GB reserved,       7.06 MB ( <1%) committed,  1 nodes.
             Both:        1.06 GB reserved,      64.56 MB (  6%) committed. 

Chunk freelists:
   Non-Class:  5.97 MB
       Class:  8.86 MB
        Both:  14.83 MB

MaxMetaspaceSize: unlimited
CompressedClassSpaceSize: 1.00 GB
Initial GC threshold: 21.00 MB
Current GC threshold: 97.31 MB
CDS: on
 - commit_granule_bytes: 65536.
 - commit_granule_words: 8192.
 - virtual_space_node_default_size: 8388608.
 - enlarge_chunks_in_place: 1.
 - use_allocation_guard: 0.


Internal statistics:

num_allocs_failed_limit: 9.
num_arena_births: 1272.
num_arena_deaths: 14.
num_vsnodes_births: 2.
num_vsnodes_deaths: 0.
num_space_committed: 1033.
num_space_uncommitted: 0.
num_chunks_returned_to_freelist: 23.
num_chunks_taken_from_freelist: 4446.
num_chunk_merges: 13.
num_chunk_splits: 2644.
num_chunks_enlarged: 1394.
num_inconsistent_stats: 0.

CodeHeap 'non-profiled nmethods': size=120000Kb used=8066Kb max_used=8066Kb free=111933Kb
 bounds [0x000002022d1c0000, 0x000002022d9b0000, 0x00000202346f0000]
CodeHeap 'profiled nmethods': size=120000Kb used=29051Kb max_used=29051Kb free=90949Kb
 bounds [0x00000202256f0000, 0x0000020227350000, 0x000002022cc20000]
CodeHeap 'non-nmethods': size=5760Kb used=1438Kb max_used=1488Kb free=4321Kb
 bounds [0x000002022cc20000, 0x000002022ce90000, 0x000002022d1c0000]
 total_blobs=12649 nmethods=11907 adapters=646
 compilation: enabled
              stopped_count=0, restarted_count=0
 full_count=0

Compilation events (20 events):
Event: 68.320 Thread 0x0000020238eebe20 nmethod 12704 0x000002022d990d90 code [0x000002022d990f80, 0x000002022d991450]
Event: 68.352 Thread 0x0000020238eebe20 12706       4       org.eclipse.jdt.internal.core.search.indexing.BinaryIndexer::decodeParameterTypes (596 bytes)
Event: 68.405 Thread 0x0000020238eebe20 nmethod 12706 0x000002022d991690 code [0x000002022d991940, 0x000002022d993158]
Event: 68.405 Thread 0x0000020238eebe20 12707       4       org.eclipse.jdt.internal.core.search.indexing.BinaryIndexer::decodeReturnType (407 bytes)
Event: 68.411 Thread 0x0000020238f5ef00 12708       3       org.eclipse.jdt.core.Signature::toCharArray (83 bytes)
Event: 68.411 Thread 0x0000020238f5ef00 nmethod 12708 0x000002022734a090 code [0x000002022734a2c0, 0x000002022734a8d8]
Event: 68.418 Thread 0x0000020238f5ef00 12710       3       org.eclipse.jdt.core.Signature::appendTypeSignature (513 bytes)
Event: 68.421 Thread 0x0000020238f5ef00 nmethod 12710 0x000002022734ab90 code [0x000002022734b040, 0x000002022734c830]
Event: 68.428 Thread 0x0000020238eebe20 nmethod 12707 0x000002022d993b10 code [0x000002022d993d60, 0x000002022d994830]
Event: 68.429 Thread 0x0000020238eebe20 12709   !   4       java.nio.file.FileTreeWalker::getAttributes (94 bytes)
Event: 68.537 Thread 0x0000020238f5ef00 12711       3       org.eclipse.jdt.internal.core.search.indexing.BinaryIndexer::addBinaryAnnotation (87 bytes)
Event: 68.541 Thread 0x0000020238f5ef00 nmethod 12711 0x000002022734d190 code [0x000002022734d480, 0x000002022734e4d8]
Event: 68.646 Thread 0x0000020238eebe20 nmethod 12709 0x000002022d994d90 code [0x000002022d9953a0, 0x000002022d998ca0]
Event: 68.646 Thread 0x0000020238eebe20 12712       4       sun.nio.fs.WindowsFileSystem::getPathMatcher (122 bytes)
Event: 68.674 Thread 0x0000020238eebe20 nmethod 12712 0x000002022d99c590 code [0x000002022d99c840, 0x000002022d99d818]
Event: 68.685 Thread 0x0000020238eebe20 12713       4       java.util.HashMap$KeySet::iterator (12 bytes)
Event: 68.694 Thread 0x0000020238eebe20 nmethod 12713 0x000002022d99e290 code [0x000002022d99e440, 0x000002022d99e7c8]
Event: 68.717 Thread 0x0000020238eebe20 12714   !   4       sun.nio.fs.WindowsNativeDispatcher::CreateFile (83 bytes)
Event: 68.754 Thread 0x0000020238eebe20 nmethod 12714 0x000002022d99e990 code [0x000002022d99eca0, 0x000002022d99fc40]
Event: 68.821 Thread 0x0000020238eebe20 12715       4       sun.nio.fs.Globs::toRegexPattern (745 bytes)

GC Heap History (20 events):
Event: 58.815 GC heap before
{Heap before GC invocations=54 (full 3):
 PSYoungGen      total 16384K, used 16384K [0x00000000d5580000, 0x00000000d6c00000, 0x0000000100000000)
  eden space 15872K, 100% used [0x00000000d5580000,0x00000000d6500000,0x00000000d6500000)
  from space 512K, 100% used [0x00000000d6b80000,0x00000000d6c00000,0x00000000d6c00000)
  to   space 3072K, 0% used [0x00000000d6600000,0x00000000d6600000,0x00000000d6900000)
 ParOldGen       total 68608K, used 62643K [0x0000000080000000, 0x0000000084300000, 0x00000000d5580000)
  object space 68608K, 91% used [0x0000000080000000,0x0000000083d2cdd8,0x0000000084300000)
 Metaspace       used 61444K, committed 62848K, reserved 1114112K
  class space    used 6242K, committed 6912K, reserved 1048576K
}
Event: 58.819 GC heap after
{Heap after GC invocations=54 (full 3):
 PSYoungGen      total 18944K, used 1408K [0x00000000d5580000, 0x00000000d6c00000, 0x0000000100000000)
  eden space 15872K, 0% used [0x00000000d5580000,0x00000000d5580000,0x00000000d6500000)
  from space 3072K, 45% used [0x00000000d6600000,0x00000000d6760000,0x00000000d6900000)
  to   space 2048K, 0% used [0x00000000d6a00000,0x00000000d6a00000,0x00000000d6c00000)
 ParOldGen       total 68608K, used 63128K [0x0000000080000000, 0x0000000084300000, 0x00000000d5580000)
  object space 68608K, 92% used [0x0000000080000000,0x0000000083da60b8,0x0000000084300000)
 Metaspace       used 61444K, committed 62848K, reserved 1114112K
  class space    used 6242K, committed 6912K, reserved 1048576K
}
Event: 59.205 GC heap before
{Heap before GC invocations=55 (full 3):
 PSYoungGen      total 18944K, used 17280K [0x00000000d5580000, 0x00000000d6c00000, 0x0000000100000000)
  eden space 15872K, 100% used [0x00000000d5580000,0x00000000d6500000,0x00000000d6500000)
  from space 3072K, 45% used [0x00000000d6600000,0x00000000d6760000,0x00000000d6900000)
  to   space 2048K, 0% used [0x00000000d6a00000,0x00000000d6a00000,0x00000000d6c00000)
 ParOldGen       total 68608K, used 63128K [0x0000000080000000, 0x0000000084300000, 0x00000000d5580000)
  object space 68608K, 92% used [0x0000000080000000,0x0000000083da60b8,0x0000000084300000)
 Metaspace       used 61656K, committed 63040K, reserved 1114112K
  class space    used 6246K, committed 6912K, reserved 1048576K
}
Event: 59.208 GC heap after
{Heap after GC invocations=55 (full 3):
 PSYoungGen      total 17408K, used 1504K [0x00000000d5580000, 0x00000000d6b80000, 0x0000000100000000)
  eden space 15872K, 0% used [0x00000000d5580000,0x00000000d5580000,0x00000000d6500000)
  from space 1536K, 97% used [0x00000000d6a00000,0x00000000d6b78000,0x00000000d6b80000)
  to   space 1536K, 0% used [0x00000000d6880000,0x00000000d6880000,0x00000000d6a00000)
 ParOldGen       total 68608K, used 64365K [0x0000000080000000, 0x0000000084300000, 0x00000000d5580000)
  object space 68608K, 93% used [0x0000000080000000,0x0000000083edb428,0x0000000084300000)
 Metaspace       used 61656K, committed 63040K, reserved 1114112K
  class space    used 6246K, committed 6912K, reserved 1048576K
}
Event: 59.582 GC heap before
{Heap before GC invocations=56 (full 3):
 PSYoungGen      total 17408K, used 17376K [0x00000000d5580000, 0x00000000d6b80000, 0x0000000100000000)
  eden space 15872K, 100% used [0x00000000d5580000,0x00000000d6500000,0x00000000d6500000)
  from space 1536K, 97% used [0x00000000d6a00000,0x00000000d6b78000,0x00000000d6b80000)
  to   space 1536K, 0% used [0x00000000d6880000,0x00000000d6880000,0x00000000d6a00000)
 ParOldGen       total 68608K, used 64365K [0x0000000080000000, 0x0000000084300000, 0x00000000d5580000)
  object space 68608K, 93% used [0x0000000080000000,0x0000000083edb428,0x0000000084300000)
 Metaspace       used 62071K, committed 63488K, reserved 1114112K
  class space    used 6291K, committed 6912K, reserved 1048576K
}
Event: 59.588 GC heap after
{Heap after GC invocations=56 (full 3):
 PSYoungGen      total 17408K, used 1526K [0x00000000d5580000, 0x00000000d6b00000, 0x0000000100000000)
  eden space 15872K, 0% used [0x00000000d5580000,0x00000000d5580000,0x00000000d6500000)
  from space 1536K, 99% used [0x00000000d6880000,0x00000000d69fd828,0x00000000d6a00000)
  to   space 1024K, 0% used [0x00000000d6a00000,0x00000000d6a00000,0x00000000d6b00000)
 ParOldGen       total 68608K, used 65493K [0x0000000080000000, 0x0000000084300000, 0x00000000d5580000)
  object space 68608K, 95% used [0x0000000080000000,0x0000000083ff5428,0x0000000084300000)
 Metaspace       used 62071K, committed 63488K, reserved 1114112K
  class space    used 6291K, committed 6912K, reserved 1048576K
}
Event: 60.057 GC heap before
{Heap before GC invocations=57 (full 3):
 PSYoungGen      total 17408K, used 17398K [0x00000000d5580000, 0x00000000d6b00000, 0x0000000100000000)
  eden space 15872K, 100% used [0x00000000d5580000,0x00000000d6500000,0x00000000d6500000)
  from space 1536K, 99% used [0x00000000d6880000,0x00000000d69fd828,0x00000000d6a00000)
  to   space 1024K, 0% used [0x00000000d6a00000,0x00000000d6a00000,0x00000000d6b00000)
 ParOldGen       total 68608K, used 65493K [0x0000000080000000, 0x0000000084300000, 0x00000000d5580000)
  object space 68608K, 95% used [0x0000000080000000,0x0000000083ff5428,0x0000000084300000)
 Metaspace       used 62254K, committed 63616K, reserved 1114112K
  class space    used 6295K, committed 6912K, reserved 1048576K
}
Event: 60.060 GC heap after
{Heap after GC invocations=57 (full 3):
 PSYoungGen      total 16896K, used 1024K [0x00000000d5580000, 0x00000000d6b00000, 0x0000000100000000)
  eden space 15872K, 0% used [0x00000000d5580000,0x00000000d5580000,0x00000000d6500000)
  from space 1024K, 100% used [0x00000000d6a00000,0x00000000d6b00000,0x00000000d6b00000)
  to   space 2560K, 0% used [0x00000000d6600000,0x00000000d6600000,0x00000000d6880000)
 ParOldGen       total 68608K, used 66842K [0x0000000080000000, 0x0000000084300000, 0x00000000d5580000)
  object space 68608K, 97% used [0x0000000080000000,0x0000000084146950,0x0000000084300000)
 Metaspace       used 62254K, committed 63616K, reserved 1114112K
  class space    used 6295K, committed 6912K, reserved 1048576K
}
Event: 60.831 GC heap before
{Heap before GC invocations=58 (full 3):
 PSYoungGen      total 16896K, used 16896K [0x00000000d5580000, 0x00000000d6b00000, 0x0000000100000000)
  eden space 15872K, 100% used [0x00000000d5580000,0x00000000d6500000,0x00000000d6500000)
  from space 1024K, 100% used [0x00000000d6a00000,0x00000000d6b00000,0x00000000d6b00000)
  to   space 2560K, 0% used [0x00000000d6600000,0x00000000d6600000,0x00000000d6880000)
 ParOldGen       total 68608K, used 66842K [0x0000000080000000, 0x0000000084300000, 0x00000000d5580000)
  object space 68608K, 97% used [0x0000000080000000,0x0000000084146950,0x0000000084300000)
 Metaspace       used 62387K, committed 63744K, reserved 1114112K
  class space    used 6295K, committed 6912K, reserved 1048576K
}
Event: 60.836 GC heap after
{Heap after GC invocations=58 (full 3):
 PSYoungGen      total 18432K, used 1568K [0x00000000d5580000, 0x00000000d6a80000, 0x0000000100000000)
  eden space 15872K, 0% used [0x00000000d5580000,0x00000000d5580000,0x00000000d6500000)
  from space 2560K, 61% used [0x00000000d6600000,0x00000000d6788000,0x00000000d6880000)
  to   space 2048K, 0% used [0x00000000d6880000,0x00000000d6880000,0x00000000d6a80000)
 ParOldGen       total 68608K, used 67714K [0x0000000080000000, 0x0000000084300000, 0x00000000d5580000)
  object space 68608K, 98% used [0x0000000080000000,0x0000000084220950,0x0000000084300000)
 Metaspace       used 62387K, committed 63744K, reserved 1114112K
  class space    used 6295K, committed 6912K, reserved 1048576K
}
Event: 61.222 GC heap before
{Heap before GC invocations=59 (full 3):
 PSYoungGen      total 18432K, used 17439K [0x00000000d5580000, 0x00000000d6a80000, 0x0000000100000000)
  eden space 15872K, 99% used [0x00000000d5580000,0x00000000d64fff50,0x00000000d6500000)
  from space 2560K, 61% used [0x00000000d6600000,0x00000000d6788000,0x00000000d6880000)
  to   space 2048K, 0% used [0x00000000d6880000,0x00000000d6880000,0x00000000d6a80000)
 ParOldGen       total 68608K, used 67714K [0x0000000080000000, 0x0000000084300000, 0x00000000d5580000)
  object space 68608K, 98% used [0x0000000080000000,0x0000000084220950,0x0000000084300000)
 Metaspace       used 62488K, committed 63872K, reserved 1114112K
  class space    used 6296K, committed 6912K, reserved 1048576K
}
Event: 61.225 GC heap after
{Heap after GC invocations=59 (full 3):
 PSYoungGen      total 16896K, used 864K [0x00000000d5580000, 0x00000000d6980000, 0x0000000100000000)
  eden space 15872K, 0% used [0x00000000d5580000,0x00000000d5580000,0x00000000d6500000)
  from space 1024K, 84% used [0x00000000d6880000,0x00000000d6958000,0x00000000d6980000)
  to   space 1536K, 0% used [0x00000000d6680000,0x00000000d6680000,0x00000000d6800000)
 ParOldGen       total 68608K, used 68520K [0x0000000080000000, 0x0000000084300000, 0x00000000d5580000)
  object space 68608K, 99% used [0x0000000080000000,0x00000000842ea008,0x0000000084300000)
 Metaspace       used 62488K, committed 63872K, reserved 1114112K
  class space    used 6296K, committed 6912K, reserved 1048576K
}
Event: 63.200 GC heap before
{Heap before GC invocations=60 (full 3):
 PSYoungGen      total 16896K, used 16736K [0x00000000d5580000, 0x00000000d6980000, 0x0000000100000000)
  eden space 15872K, 100% used [0x00000000d5580000,0x00000000d6500000,0x00000000d6500000)
  from space 1024K, 84% used [0x00000000d6880000,0x00000000d6958000,0x00000000d6980000)
  to   space 1536K, 0% used [0x00000000d6680000,0x00000000d6680000,0x00000000d6800000)
 ParOldGen       total 68608K, used 68520K [0x0000000080000000, 0x0000000084300000, 0x00000000d5580000)
  object space 68608K, 99% used [0x0000000080000000,0x00000000842ea008,0x0000000084300000)
 Metaspace       used 62960K, committed 64384K, reserved 1114112K
  class space    used 6333K, committed 6976K, reserved 1048576K
}
Event: 63.204 GC heap after
{Heap after GC invocations=60 (full 3):
 PSYoungGen      total 17408K, used 1152K [0x00000000d5580000, 0x00000000d6900000, 0x0000000100000000)
  eden space 15872K, 0% used [0x00000000d5580000,0x00000000d5580000,0x00000000d6500000)
  from space 1536K, 75% used [0x00000000d6680000,0x00000000d67a0000,0x00000000d6800000)
  to   space 1024K, 0% used [0x00000000d6800000,0x00000000d6800000,0x00000000d6900000)
 ParOldGen       total 69632K, used 69160K [0x0000000080000000, 0x0000000084400000, 0x00000000d5580000)
  object space 69632K, 99% used [0x0000000080000000,0x000000008438a008,0x0000000084400000)
 Metaspace       used 62960K, committed 64384K, reserved 1114112K
  class space    used 6333K, committed 6976K, reserved 1048576K
}
Event: 64.241 GC heap before
{Heap before GC invocations=61 (full 3):
 PSYoungGen      total 17408K, used 17023K [0x00000000d5580000, 0x00000000d6900000, 0x0000000100000000)
  eden space 15872K, 99% used [0x00000000d5580000,0x00000000d64fffa8,0x00000000d6500000)
  from space 1536K, 75% used [0x00000000d6680000,0x00000000d67a0000,0x00000000d6800000)
  to   space 1024K, 0% used [0x00000000d6800000,0x00000000d6800000,0x00000000d6900000)
 ParOldGen       total 69632K, used 69160K [0x0000000080000000, 0x0000000084400000, 0x00000000d5580000)
  object space 69632K, 99% used [0x0000000080000000,0x000000008438a008,0x0000000084400000)
 Metaspace       used 63344K, committed 64768K, reserved 1114112K
  class space    used 6390K, committed 7040K, reserved 1048576K
}
Event: 64.248 GC heap after
{Heap after GC invocations=61 (full 3):
 PSYoungGen      total 15872K, used 997K [0x00000000d5580000, 0x00000000d6d00000, 0x0000000100000000)
  eden space 14848K, 0% used [0x00000000d5580000,0x00000000d5580000,0x00000000d6400000)
  from space 1024K, 97% used [0x00000000d6800000,0x00000000d68f9730,0x00000000d6900000)
  to   space 4096K, 0% used [0x00000000d6400000,0x00000000d6400000,0x00000000d6800000)
 ParOldGen       total 71680K, used 71450K [0x0000000080000000, 0x0000000084600000, 0x00000000d5580000)
  object space 71680K, 99% used [0x0000000080000000,0x00000000845c6a78,0x0000000084600000)
 Metaspace       used 63344K, committed 64768K, reserved 1114112K
  class space    used 6390K, committed 7040K, reserved 1048576K
}
Event: 65.769 GC heap before
{Heap before GC invocations=62 (full 3):
 PSYoungGen      total 15872K, used 15845K [0x00000000d5580000, 0x00000000d6d00000, 0x0000000100000000)
  eden space 14848K, 100% used [0x00000000d5580000,0x00000000d6400000,0x00000000d6400000)
  from space 1024K, 97% used [0x00000000d6800000,0x00000000d68f9730,0x00000000d6900000)
  to   space 4096K, 0% used [0x00000000d6400000,0x00000000d6400000,0x00000000d6800000)
 ParOldGen       total 71680K, used 71450K [0x0000000080000000, 0x0000000084600000, 0x00000000d5580000)
  object space 71680K, 99% used [0x0000000080000000,0x00000000845c6a78,0x0000000084600000)
 Metaspace       used 64125K, committed 65536K, reserved 1114112K
  class space    used 6472K, committed 7104K, reserved 1048576K
}
Event: 65.772 GC heap after
{Heap after GC invocations=62 (full 3):
 PSYoungGen      total 16384K, used 1082K [0x00000000d5580000, 0x00000000d6880000, 0x0000000100000000)
  eden space 14848K, 0% used [0x00000000d5580000,0x00000000d5580000,0x00000000d6400000)
  from space 1536K, 70% used [0x00000000d6400000,0x00000000d650e8c8,0x00000000d6580000)
  to   space 2048K, 0% used [0x00000000d6680000,0x00000000d6680000,0x00000000d6880000)
 ParOldGen       total 72704K, used 72445K [0x0000000080000000, 0x0000000084700000, 0x00000000d5580000)
  object space 72704K, 99% used [0x0000000080000000,0x00000000846bf690,0x0000000084700000)
 Metaspace       used 64125K, committed 65536K, reserved 1114112K
  class space    used 6472K, committed 7104K, reserved 1048576K
}
Event: 67.066 GC heap before
{Heap before GC invocations=63 (full 3):
 PSYoungGen      total 16384K, used 15930K [0x00000000d5580000, 0x00000000d6880000, 0x0000000100000000)
  eden space 14848K, 100% used [0x00000000d5580000,0x00000000d6400000,0x00000000d6400000)
  from space 1536K, 70% used [0x00000000d6400000,0x00000000d650e8c8,0x00000000d6580000)
  to   space 2048K, 0% used [0x00000000d6680000,0x00000000d6680000,0x00000000d6880000)
 ParOldGen       total 72704K, used 72445K [0x0000000080000000, 0x0000000084700000, 0x00000000d5580000)
  object space 72704K, 99% used [0x0000000080000000,0x00000000846bf690,0x0000000084700000)
 Metaspace       used 64584K, committed 66112K, reserved 1114112K
  class space    used 6509K, committed 7232K, reserved 1048576K
}
Event: 67.070 GC heap after
{Heap after GC invocations=63 (full 3):
 PSYoungGen      total 16384K, used 1187K [0x00000000d5580000, 0x00000000d6800000, 0x0000000100000000)
  eden space 14848K, 0% used [0x00000000d5580000,0x00000000d5580000,0x00000000d6400000)
  from space 1536K, 77% used [0x00000000d6680000,0x00000000d67a8fd8,0x00000000d6800000)
  to   space 1536K, 0% used [0x00000000d6400000,0x00000000d6400000,0x00000000d6580000)
 ParOldGen       total 73728K, used 73432K [0x0000000080000000, 0x0000000084800000, 0x00000000d5580000)
  object space 73728K, 99% used [0x0000000080000000,0x00000000847b6380,0x0000000084800000)
 Metaspace       used 64584K, committed 66112K, reserved 1114112K
  class space    used 6509K, committed 7232K, reserved 1048576K
}

Dll operation events (10 events):
Event: 0.044 Loaded shared library c:\Users\dulsh\.vscode\extensions\redhat.java-1.43.1-win32-x64\jre\21.0.7-win32-x86_64\bin\java.dll
Event: 0.261 Loaded shared library c:\Users\dulsh\.vscode\extensions\redhat.java-1.43.1-win32-x64\jre\21.0.7-win32-x86_64\bin\zip.dll
Event: 0.375 Loaded shared library C:\Users\dulsh\.vscode\extensions\redhat.java-1.43.1-win32-x64\jre\21.0.7-win32-x86_64\bin\instrument.dll
Event: 0.383 Loaded shared library C:\Users\dulsh\.vscode\extensions\redhat.java-1.43.1-win32-x64\jre\21.0.7-win32-x86_64\bin\net.dll
Event: 0.386 Loaded shared library C:\Users\dulsh\.vscode\extensions\redhat.java-1.43.1-win32-x64\jre\21.0.7-win32-x86_64\bin\nio.dll
Event: 0.391 Loaded shared library C:\Users\dulsh\.vscode\extensions\redhat.java-1.43.1-win32-x64\jre\21.0.7-win32-x86_64\bin\zip.dll
Event: 0.423 Loaded shared library C:\Users\dulsh\.vscode\extensions\redhat.java-1.43.1-win32-x64\jre\21.0.7-win32-x86_64\bin\jimage.dll
Event: 0.763 Loaded shared library c:\Users\dulsh\.vscode\extensions\redhat.java-1.43.1-win32-x64\jre\21.0.7-win32-x86_64\bin\verify.dll
Event: 3.449 Loaded shared library C:\Users\dulsh\AppData\Roaming\Code\User\globalStorage\redhat.java\1.43.1\config_win\org.eclipse.equinox.launcher\org.eclipse.equinox.launcher.win32.win32.x86_64_1.2.1300.v20250331-1702\eclipse_11911.dll
Event: 7.763 Loaded shared library C:\Users\dulsh\AppData\Local\Temp\jna-95945104\jna1336201160152801597.dll

Deoptimization events (20 events):
Event: 66.008 Thread 0x0000020202072500 Uncommon trap: trap_request=0xffffffc6 fr.pc=0x000002022d4cc128 relative=0x0000000000000088
Event: 66.008 Thread 0x0000020202072500 Uncommon trap: reason=bimorphic_or_optimized_type_check action=maybe_recompile pc=0x000002022d4cc128 method=java.nio.file.Files.provider(Ljava/nio/file/Path;)Ljava/nio/file/spi/FileSystemProvider; @ 1 c2
Event: 66.008 Thread 0x0000020202072500 DEOPT PACKING pc=0x000002022d4cc128 sp=0x00000080645ff070
Event: 66.008 Thread 0x0000020202072500 DEOPT UNPACKING pc=0x000002022cc76da2 sp=0x00000080645ff000 mode 2
Event: 66.949 Thread 0x0000020202072500 Uncommon trap: trap_request=0xffffff45 fr.pc=0x000002022d962c34 relative=0x0000000000003394
Event: 66.949 Thread 0x0000020202072500 Uncommon trap: reason=unstable_if action=reinterpret pc=0x000002022d962c34 method=java.nio.file.FileTreeWalker.visit(Ljava/nio/file/Path;ZZ)Ljava/nio/file/FileTreeWalker$Event; @ 53 c2
Event: 66.949 Thread 0x0000020202072500 DEOPT PACKING pc=0x000002022d962c34 sp=0x00000080645ff240
Event: 66.949 Thread 0x0000020202072500 DEOPT UNPACKING pc=0x000002022cc76da2 sp=0x00000080645ff1f0 mode 2
Event: 67.100 Thread 0x0000020202072500 Uncommon trap: trap_request=0xffffff45 fr.pc=0x000002022d969610 relative=0x00000000000001b0
Event: 67.100 Thread 0x0000020202072500 Uncommon trap: reason=unstable_if action=reinterpret pc=0x000002022d969610 method=java.util.regex.Pattern$SliceU.match(Ljava/util/regex/Matcher;ILjava/lang/CharSequence;)Z @ 18 c2
Event: 67.100 Thread 0x0000020202072500 DEOPT PACKING pc=0x000002022d969610 sp=0x00000080645feff0
Event: 67.100 Thread 0x0000020202072500 DEOPT UNPACKING pc=0x000002022cc76da2 sp=0x00000080645fef78 mode 2
Event: 67.286 Thread 0x0000020202072b90 Uncommon trap: trap_request=0xffffff45 fr.pc=0x000002022d671968 relative=0x0000000000000148
Event: 67.286 Thread 0x0000020202072b90 Uncommon trap: reason=unstable_if action=reinterpret pc=0x000002022d671968 method=org.eclipse.jdt.internal.core.search.indexing.BinaryIndexer.replace(CC[C)[C @ 1 c2
Event: 67.286 Thread 0x0000020202072b90 DEOPT PACKING pc=0x000002022d671968 sp=0x00000080641fe520
Event: 67.286 Thread 0x0000020202072b90 DEOPT UNPACKING pc=0x000002022cc76da2 sp=0x00000080641fe490 mode 2
Event: 68.257 Thread 0x0000020202072500 Uncommon trap: trap_request=0xffffff45 fr.pc=0x000002022d98186c relative=0x00000000000002cc
Event: 68.258 Thread 0x0000020202072500 Uncommon trap: reason=unstable_if action=reinterpret pc=0x000002022d98186c method=sun.nio.fs.Globs.toRegexPattern(Ljava/lang/String;Z)Ljava/lang/String; @ 37 c2
Event: 68.258 Thread 0x0000020202072500 DEOPT PACKING pc=0x000002022d98186c sp=0x00000080645fefc0
Event: 68.258 Thread 0x0000020202072500 DEOPT UNPACKING pc=0x000002022cc76da2 sp=0x00000080645fef98 mode 2

Classes loaded (20 events):
Event: 64.943 Loading class java/nio/file/attribute/PosixFileAttributes
Event: 64.944 Loading class java/nio/file/attribute/PosixFileAttributes done
Event: 65.930 Loading class java/util/TreeMap$ValueSpliterator
Event: 65.932 Loading class java/util/TreeMap$TreeMapSpliterator
Event: 65.933 Loading class java/util/TreeMap$TreeMapSpliterator done
Event: 65.933 Loading class java/util/TreeMap$ValueSpliterator done
Event: 65.982 Loading class java/util/concurrent/CompletionException
Event: 65.983 Loading class java/util/concurrent/CompletionException done
Event: 65.990 Loading class java/nio/file/FileTreeWalker$1
Event: 65.990 Loading class java/nio/file/FileTreeWalker$1 done
Event: 65.994 Loading class sun/nio/fs/Globs
Event: 65.994 Loading class sun/nio/fs/Globs done
Event: 65.995 Loading class java/util/regex/Pattern$SliceU
Event: 65.997 Loading class java/util/regex/Pattern$SliceU done
Event: 65.999 Loading class sun/nio/fs/WindowsFileSystem$2
Event: 66.000 Loading class java/nio/file/PathMatcher
Event: 66.000 Loading class java/nio/file/PathMatcher done
Event: 66.000 Loading class sun/nio/fs/WindowsFileSystem$2 done
Event: 67.227 Loading class java/nio/file/FileSystemLoopException
Event: 67.228 Loading class java/nio/file/FileSystemLoopException done

Classes unloaded (7 events):
Event: 9.380 Thread 0x00000202225bb7f0 Unloading class 0x000002023a19e800 'java/lang/invoke/LambdaForm$MH+0x000002023a19e800'
Event: 9.380 Thread 0x00000202225bb7f0 Unloading class 0x000002023a19e400 'java/lang/invoke/LambdaForm$MH+0x000002023a19e400'
Event: 9.380 Thread 0x00000202225bb7f0 Unloading class 0x000002023a19e000 'java/lang/invoke/LambdaForm$MH+0x000002023a19e000'
Event: 9.380 Thread 0x00000202225bb7f0 Unloading class 0x000002023a19dc00 'java/lang/invoke/LambdaForm$MH+0x000002023a19dc00'
Event: 9.380 Thread 0x00000202225bb7f0 Unloading class 0x000002023a19d800 'java/lang/invoke/LambdaForm$BMH+0x000002023a19d800'
Event: 9.380 Thread 0x00000202225bb7f0 Unloading class 0x000002023a19d400 'java/lang/invoke/LambdaForm$DMH+0x000002023a19d400'
Event: 9.380 Thread 0x00000202225bb7f0 Unloading class 0x000002023a19c000 'java/lang/invoke/LambdaForm$DMH+0x000002023a19c000'

Classes redefined (0 events):
No events

Internal exceptions (20 events):
Event: 68.911 Thread 0x0000020202072500 Exception <a 'sun/nio/fs/WindowsException'{0x00000000d62e7e40}> (0x00000000d62e7e40) 
thrown [s\src\hotspot\share\prims\jni.cpp, line 520]
Event: 68.911 Thread 0x0000020202072500 Exception <a 'sun/nio/fs/WindowsException'{0x00000000d62e84d0}> (0x00000000d62e84d0) 
thrown [s\src\hotspot\share\prims\jni.cpp, line 520]
Event: 68.911 Thread 0x0000020202072500 Exception <a 'sun/nio/fs/WindowsException'{0x00000000d62e8b60}> (0x00000000d62e8b60) 
thrown [s\src\hotspot\share\prims\jni.cpp, line 520]
Event: 68.911 Thread 0x0000020202072500 Exception <a 'sun/nio/fs/WindowsException'{0x00000000d62e9210}> (0x00000000d62e9210) 
thrown [s\src\hotspot\share\prims\jni.cpp, line 520]
Event: 68.912 Thread 0x0000020202072500 Exception <a 'sun/nio/fs/WindowsException'{0x00000000d62ee370}> (0x00000000d62ee370) 
thrown [s\src\hotspot\share\prims\jni.cpp, line 520]
Event: 68.913 Thread 0x0000020202072500 Exception <a 'sun/nio/fs/WindowsException'{0x00000000d62eea00}> (0x00000000d62eea00) 
thrown [s\src\hotspot\share\prims\jni.cpp, line 520]
Event: 68.913 Thread 0x0000020202072500 Exception <a 'sun/nio/fs/WindowsException'{0x00000000d62ef090}> (0x00000000d62ef090) 
thrown [s\src\hotspot\share\prims\jni.cpp, line 520]
Event: 68.913 Thread 0x0000020202072500 Exception <a 'sun/nio/fs/WindowsException'{0x00000000d62ef740}> (0x00000000d62ef740) 
thrown [s\src\hotspot\share\prims\jni.cpp, line 520]
Event: 68.914 Thread 0x0000020202072500 Exception <a 'sun/nio/fs/WindowsException'{0x00000000d62f4ae8}> (0x00000000d62f4ae8) 
thrown [s\src\hotspot\share\prims\jni.cpp, line 520]
Event: 68.914 Thread 0x0000020202072500 Exception <a 'sun/nio/fs/WindowsException'{0x00000000d62f5178}> (0x00000000d62f5178) 
thrown [s\src\hotspot\share\prims\jni.cpp, line 520]
Event: 68.914 Thread 0x0000020202072500 Exception <a 'sun/nio/fs/WindowsException'{0x00000000d62f5808}> (0x00000000d62f5808) 
thrown [s\src\hotspot\share\prims\jni.cpp, line 520]
Event: 68.914 Thread 0x0000020202072500 Exception <a 'sun/nio/fs/WindowsException'{0x00000000d62f5eb8}> (0x00000000d62f5eb8) 
thrown [s\src\hotspot\share\prims\jni.cpp, line 520]
Event: 68.915 Thread 0x0000020202072500 Exception <a 'sun/nio/fs/WindowsException'{0x00000000d62fa6e8}> (0x00000000d62fa6e8) 
thrown [s\src\hotspot\share\prims\jni.cpp, line 520]
Event: 68.915 Thread 0x0000020202072500 Exception <a 'sun/nio/fs/WindowsException'{0x00000000d62fad78}> (0x00000000d62fad78) 
thrown [s\src\hotspot\share\prims\jni.cpp, line 520]
Event: 68.915 Thread 0x0000020202072500 Exception <a 'sun/nio/fs/WindowsException'{0x00000000d62fb408}> (0x00000000d62fb408) 
thrown [s\src\hotspot\share\prims\jni.cpp, line 520]
Event: 68.915 Thread 0x0000020202072500 Exception <a 'sun/nio/fs/WindowsException'{0x00000000d62fbab8}> (0x00000000d62fbab8) 
thrown [s\src\hotspot\share\prims\jni.cpp, line 520]
Event: 68.916 Thread 0x0000020202072500 Exception <a 'sun/nio/fs/WindowsException'{0x00000000d6300908}> (0x00000000d6300908) 
thrown [s\src\hotspot\share\prims\jni.cpp, line 520]
Event: 68.916 Thread 0x0000020202072500 Exception <a 'sun/nio/fs/WindowsException'{0x00000000d6300f98}> (0x00000000d6300f98) 
thrown [s\src\hotspot\share\prims\jni.cpp, line 520]
Event: 68.916 Thread 0x0000020202072500 Exception <a 'sun/nio/fs/WindowsException'{0x00000000d630c958}> (0x00000000d630c958) 
thrown [s\src\hotspot\share\prims\jni.cpp, line 520]
Event: 68.916 Thread 0x0000020202072500 Exception <a 'sun/nio/fs/WindowsException'{0x00000000d630d008}> (0x00000000d630d008) 
thrown [s\src\hotspot\share\prims\jni.cpp, line 520]

ZGC Phase Switch (0 events):
No events

VM Operations (20 events):
Event: 62.239 Executing VM operation: Cleanup
Event: 62.255 Executing VM operation: Cleanup done
Event: 62.622 Executing VM operation: HandshakeAllThreads (Deoptimize)
Event: 62.791 Executing VM operation: HandshakeAllThreads (Deoptimize) done
Event: 63.174 Executing VM operation: ParallelGCFailedAllocation (Allocation Failure)
Event: 63.204 Executing VM operation: ParallelGCFailedAllocation (Allocation Failure) done
Event: 64.214 Executing VM operation: Cleanup
Event: 64.230 Executing VM operation: Cleanup done
Event: 64.240 Executing VM operation: ParallelGCFailedAllocation (Allocation Failure)
Event: 64.248 Executing VM operation: ParallelGCFailedAllocation (Allocation Failure) done
Event: 65.250 Executing VM operation: Cleanup
Event: 65.266 Executing VM operation: Cleanup done
Event: 65.734 Executing VM operation: HandshakeAllThreads (Deoptimize)
Event: 65.734 Executing VM operation: HandshakeAllThreads (Deoptimize) done
Event: 65.761 Executing VM operation: ParallelGCFailedAllocation (Allocation Failure)
Event: 65.773 Executing VM operation: ParallelGCFailedAllocation (Allocation Failure) done
Event: 67.066 Executing VM operation: ParallelGCFailedAllocation (Allocation Failure)
Event: 67.070 Executing VM operation: ParallelGCFailedAllocation (Allocation Failure) done
Event: 68.071 Executing VM operation: Cleanup
Event: 68.074 Executing VM operation: Cleanup done

Memory protections (0 events):
No events

Nmethod flushes (20 events):
Event: 46.268 Thread 0x00000202225bb7f0 flushing  nmethod 0x00000202260a1710
Event: 46.268 Thread 0x00000202225bb7f0 flushing  nmethod 0x00000202260a2210
Event: 46.268 Thread 0x00000202225bb7f0 flushing  nmethod 0x00000202260a2610
Event: 46.268 Thread 0x00000202225bb7f0 flushing  nmethod 0x00000202260a9f90
Event: 46.268 Thread 0x00000202225bb7f0 flushing  nmethod 0x00000202260aa510
Event: 46.268 Thread 0x00000202225bb7f0 flushing  nmethod 0x00000202260ab110
Event: 46.268 Thread 0x00000202225bb7f0 flushing  nmethod 0x00000202260abb90
Event: 46.268 Thread 0x00000202225bb7f0 flushing osr nmethod 0x00000202260ae290
Event: 46.268 Thread 0x00000202225bb7f0 flushing  nmethod 0x00000202260b8110
Event: 46.268 Thread 0x00000202225bb7f0 flushing  nmethod 0x00000202260cd090
Event: 46.268 Thread 0x00000202225bb7f0 flushing  nmethod 0x00000202260d2f10
Event: 46.268 Thread 0x00000202225bb7f0 flushing  nmethod 0x00000202260e2390
Event: 46.268 Thread 0x00000202225bb7f0 flushing  nmethod 0x000002022611bf10
Event: 46.268 Thread 0x00000202225bb7f0 flushing  nmethod 0x000002022611e310
Event: 46.268 Thread 0x00000202225bb7f0 flushing  nmethod 0x0000020226120f10
Event: 46.268 Thread 0x00000202225bb7f0 flushing  nmethod 0x0000020226137110
Event: 46.268 Thread 0x00000202225bb7f0 flushing  nmethod 0x0000020226148390
Event: 46.268 Thread 0x00000202225bb7f0 flushing  nmethod 0x000002022614cf90
Event: 46.268 Thread 0x00000202225bb7f0 flushing  nmethod 0x0000020226187390
Event: 46.269 Thread 0x00000202225bb7f0 flushing  nmethod 0x00000202261d0d90

Events (20 events):
Event: 59.328 Thread 0x000002027f2c2620 Thread added: 0x00000202022023b0
Event: 59.331 Thread 0x000002027f2c2620 Thread added: 0x0000020202201690
Event: 59.334 Thread 0x000002027f2c2620 Thread added: 0x0000020202202a40
Event: 59.335 Thread 0x000002027f2c2620 Thread added: 0x00000202022030d0
Event: 59.345 Thread 0x000002027f2c2620 Thread added: 0x0000020202203760
Event: 61.588 Thread 0x0000020202201690 Thread exited: 0x0000020202201690
Event: 61.588 Thread 0x00000202022030d0 Thread exited: 0x00000202022030d0
Event: 61.588 Thread 0x00000202022023b0 Thread exited: 0x00000202022023b0
Event: 61.589 Thread 0x0000020202202a40 Thread exited: 0x0000020202202a40
Event: 61.589 Thread 0x0000020202203760 Thread exited: 0x0000020202203760
Event: 64.074 Thread 0x000002027f2c2620 Thread added: 0x0000020202201d20
Event: 64.075 Thread 0x000002027f2c2620 Thread added: 0x0000020202203760
Event: 64.075 Thread 0x000002027f2c2620 Thread added: 0x0000020202204480
Event: 64.083 Thread 0x000002027f2c2620 Thread added: 0x0000020202201690
Event: 64.086 Thread 0x000002027f2c2620 Thread added: 0x0000020202204b10
Event: 64.284 Thread 0x0000020202204480 Thread exited: 0x0000020202204480
Event: 64.284 Thread 0x0000020202201690 Thread exited: 0x0000020202201690
Event: 64.285 Thread 0x0000020202203760 Thread exited: 0x0000020202203760
Event: 64.285 Thread 0x0000020202201d20 Thread exited: 0x0000020202201d20
Event: 64.286 Thread 0x0000020202204b10 Thread exited: 0x0000020202204b10


Dynamic libraries:
0x00007ff648f60000 - 0x00007ff648f6e000 	c:\Users\dulsh\.vscode\extensions\redhat.java-1.43.1-win32-x64\jre\21.0.7-win32-x86_64\bin\java.exe
0x00007ffb47de0000 - 0x00007ffb48045000 	C:\WINDOWS\SYSTEM32\ntdll.dll
0x00007ffb45e20000 - 0x00007ffb45ee9000 	C:\WINDOWS\System32\KERNEL32.DLL
0x00007ffb44f30000 - 0x00007ffb45318000 	C:\WINDOWS\System32\KERNELBASE.dll
0x00007ffb45730000 - 0x00007ffb4587b000 	C:\WINDOWS\System32\ucrtbase.dll
0x00007ffb379b0000 - 0x00007ffb379c8000 	c:\Users\dulsh\.vscode\extensions\redhat.java-1.43.1-win32-x64\jre\21.0.7-win32-x86_64\bin\jli.dll
0x00007ffb45ff0000 - 0x00007ffb461ba000 	C:\WINDOWS\System32\USER32.dll
0x00007ffb45700000 - 0x00007ffb45727000 	C:\WINDOWS\System32\win32u.dll
0x00007ffb45de0000 - 0x00007ffb45e0b000 	C:\WINDOWS\System32\GDI32.dll
0x00007ffb45500000 - 0x00007ffb45637000 	C:\WINDOWS\System32\gdi32full.dll
0x00007ffb45450000 - 0x00007ffb454f3000 	C:\WINDOWS\System32\msvcp_win.dll
0x00007ffb37a20000 - 0x00007ffb37a3e000 	c:\Users\dulsh\.vscode\extensions\redhat.java-1.43.1-win32-x64\jre\21.0.7-win32-x86_64\bin\VCRUNTIME140.dll
0x00007ffb2f190000 - 0x00007ffb2f42a000 	C:\WINDOWS\WinSxS\amd64_microsoft.windows.common-controls_6595b64144ccf1df_6.0.26100.4202_none_3e0698d4e335f517\COMCTL32.dll
0x00007ffb47040000 - 0x00007ffb470e9000 	C:\WINDOWS\System32\msvcrt.dll
0x00007ffb47460000 - 0x00007ffb47490000 	C:\WINDOWS\System32\IMM32.DLL
0x00007ffb3f7e0000 - 0x00007ffb3f7ec000 	c:\Users\dulsh\.vscode\extensions\redhat.java-1.43.1-win32-x64\jre\21.0.7-win32-x86_64\bin\vcruntime140_1.dll
0x00007ffb34ef0000 - 0x00007ffb34f7d000 	c:\Users\dulsh\.vscode\extensions\redhat.java-1.43.1-win32-x64\jre\21.0.7-win32-x86_64\bin\msvcp140.dll
0x00007ffad7380000 - 0x00007ffad8110000 	c:\Users\dulsh\.vscode\extensions\redhat.java-1.43.1-win32-x64\jre\21.0.7-win32-x86_64\bin\server\jvm.dll
0x00007ffb47100000 - 0x00007ffb471b3000 	C:\WINDOWS\System32\ADVAPI32.dll
0x00007ffb461c0000 - 0x00007ffb46266000 	C:\WINDOWS\System32\sechost.dll
0x00007ffb46290000 - 0x00007ffb463a5000 	C:\WINDOWS\System32\RPCRT4.dll
0x00007ffb473e0000 - 0x00007ffb47454000 	C:\WINDOWS\System32\WS2_32.dll
0x00007ffb44da0000 - 0x00007ffb44dfe000 	C:\WINDOWS\SYSTEM32\POWRPROF.dll
0x00007ffb2faf0000 - 0x00007ffb2fb25000 	C:\WINDOWS\SYSTEM32\WINMM.dll
0x00007ffb3c5a0000 - 0x00007ffb3c5ab000 	C:\WINDOWS\SYSTEM32\VERSION.dll
0x00007ffb44d80000 - 0x00007ffb44d94000 	C:\WINDOWS\SYSTEM32\UMPDC.dll
0x00007ffb43cf0000 - 0x00007ffb43d0b000 	C:\WINDOWS\SYSTEM32\kernel.appcore.dll
0x00007ffb37c10000 - 0x00007ffb37c1a000 	c:\Users\dulsh\.vscode\extensions\redhat.java-1.43.1-win32-x64\jre\21.0.7-win32-x86_64\bin\jimage.dll
0x00007ffb425e0000 - 0x00007ffb42821000 	C:\WINDOWS\SYSTEM32\DBGHELP.DLL
0x00007ffb46a60000 - 0x00007ffb46de5000 	C:\WINDOWS\System32\combase.dll
0x00007ffb47bf0000 - 0x00007ffb47cd1000 	C:\WINDOWS\System32\OLEAUT32.dll
0x00007ffb261d0000 - 0x00007ffb26209000 	C:\WINDOWS\SYSTEM32\dbgcore.DLL
0x00007ffb453b0000 - 0x00007ffb45449000 	C:\WINDOWS\System32\bcryptPrimitives.dll
0x00007ffb37b20000 - 0x00007ffb37b2f000 	c:\Users\dulsh\.vscode\extensions\redhat.java-1.43.1-win32-x64\jre\21.0.7-win32-x86_64\bin\instrument.dll
0x00007ffb37990000 - 0x00007ffb379af000 	c:\Users\dulsh\.vscode\extensions\redhat.java-1.43.1-win32-x64\jre\21.0.7-win32-x86_64\bin\java.dll
0x00007ffb474a0000 - 0x00007ffb47be2000 	C:\WINDOWS\System32\SHELL32.dll
0x00007ffb45880000 - 0x00007ffb459f4000 	C:\WINDOWS\System32\wintypes.dll
0x00007ffb42bd0000 - 0x00007ffb43428000 	C:\WINDOWS\SYSTEM32\windows.storage.dll
0x00007ffb45ef0000 - 0x00007ffb45fe1000 	C:\WINDOWS\System32\SHCORE.dll
0x00007ffb46f80000 - 0x00007ffb46fea000 	C:\WINDOWS\System32\shlwapi.dll
0x00007ffb44e40000 - 0x00007ffb44e6f000 	C:\WINDOWS\SYSTEM32\profapi.dll
0x00007ffb36150000 - 0x00007ffb36168000 	c:\Users\dulsh\.vscode\extensions\redhat.java-1.43.1-win32-x64\jre\21.0.7-win32-x86_64\bin\zip.dll
0x00007ffb371b0000 - 0x00007ffb371c0000 	C:\Users\dulsh\.vscode\extensions\redhat.java-1.43.1-win32-x64\jre\21.0.7-win32-x86_64\bin\net.dll
0x00007ffb365d0000 - 0x00007ffb366ee000 	C:\WINDOWS\SYSTEM32\WINHTTP.dll
0x00007ffb44260000 - 0x00007ffb442ca000 	C:\WINDOWS\system32\mswsock.dll
0x00007ffb34ed0000 - 0x00007ffb34ee6000 	C:\Users\dulsh\.vscode\extensions\redhat.java-1.43.1-win32-x64\jre\21.0.7-win32-x86_64\bin\nio.dll
0x00007ffb36530000 - 0x00007ffb36540000 	c:\Users\dulsh\.vscode\extensions\redhat.java-1.43.1-win32-x64\jre\21.0.7-win32-x86_64\bin\verify.dll
0x00007ffb338e0000 - 0x00007ffb33925000 	C:\Users\dulsh\AppData\Roaming\Code\User\globalStorage\redhat.java\1.43.1\config_win\org.eclipse.equinox.launcher\org.eclipse.equinox.launcher.win32.win32.x86_64_1.2.1300.v20250331-1702\eclipse_11911.dll
0x00007ffb468b0000 - 0x00007ffb46a4e000 	C:\WINDOWS\System32\ole32.dll
0x00007ffb44510000 - 0x00007ffb4452b000 	C:\WINDOWS\SYSTEM32\CRYPTSP.dll
0x00007ffb43c50000 - 0x00007ffb43c8a000 	C:\WINDOWS\system32\rsaenh.dll
0x00007ffb44300000 - 0x00007ffb4432b000 	C:\WINDOWS\SYSTEM32\USERENV.dll
0x00007ffb44e10000 - 0x00007ffb44e36000 	C:\WINDOWS\SYSTEM32\bcrypt.dll
0x00007ffb44530000 - 0x00007ffb4453c000 	C:\WINDOWS\SYSTEM32\CRYPTBASE.dll
0x00007ffb43770000 - 0x00007ffb437a3000 	C:\WINDOWS\SYSTEM32\IPHLPAPI.DLL
0x00007ffb463b0000 - 0x00007ffb463ba000 	C:\WINDOWS\System32\NSI.dll
0x00007ffb1c8b0000 - 0x00007ffb1c8f9000 	C:\Users\dulsh\AppData\Local\Temp\jna-95945104\jna1336201160152801597.dll
0x00007ffb47ce0000 - 0x00007ffb47ce8000 	C:\WINDOWS\System32\PSAPI.DLL
0x00007ffb35680000 - 0x00007ffb3569f000 	C:\WINDOWS\SYSTEM32\dhcpcsvc6.DLL
0x00007ffb35650000 - 0x00007ffb35675000 	C:\WINDOWS\SYSTEM32\dhcpcsvc.DLL

dbghelp: loaded successfully - version: 4.0.5 - missing functions: none
symbol engine: initialized successfully - sym options: 0x614 - pdb path: .;c:\Users\dulsh\.vscode\extensions\redhat.java-1.43.1-win32-x64\jre\21.0.7-win32-x86_64\bin;C:\WINDOWS\SYSTEM32;C:\WINDOWS\WinSxS\amd64_microsoft.windows.common-controls_6595b64144ccf1df_6.0.26100.4202_none_3e0698d4e335f517;c:\Users\dulsh\.vscode\extensions\redhat.java-1.43.1-win32-x64\jre\21.0.7-win32-x86_64\bin\server;C:\Users\dulsh\AppData\Roaming\Code\User\globalStorage\redhat.java\1.43.1\config_win\org.eclipse.equinox.launcher\org.eclipse.equinox.launcher.win32.win32.x86_64_1.2.1300.v20250331-1702;C:\Users\dulsh\AppData\Local\Temp\jna-95945104

VM Arguments:
jvm_args: --add-modules=ALL-SYSTEM --add-opens=java.base/java.util=ALL-UNNAMED --add-opens=java.base/java.lang=ALL-UNNAMED --add-opens=java.base/sun.nio.fs=ALL-UNNAMED -Declipse.application=org.eclipse.jdt.ls.core.id1 -Dosgi.bundles.defaultStartLevel=4 -Declipse.product=org.eclipse.jdt.ls.core.product -Djava.import.generatesMetadataFilesAtProjectRoot=false -DDetectVMInstallationsJob.disabled=true -Dfile.encoding=utf8 -XX:+UseParallelGC -XX:GCTimeRatio=4 -XX:AdaptiveSizePolicyWeight=90 -Dsun.zip.disableMemoryMapping=true -Xmx2G -Xms100m -Xlog:disable -javaagent:c:\Users\dulsh\.vscode\extensions\redhat.java-1.43.1-win32-x64\lombok\lombok-1.18.39-4050.jar -XX:+HeapDumpOnOutOfMemoryError -XX:HeapDumpPath=c:\Users\dulsh\AppData\Roaming\Code\User\workspaceStorage\b67a3c49d906b0a36183f13a085d2511\redhat.java -Daether.dependencyCollector.impl=bf 
java_command: c:\Users\dulsh\.vscode\extensions\redhat.java-1.43.1-win32-x64\server\plugins\org.eclipse.equinox.launcher_1.7.0.v20250519-0528.jar -configuration c:\Users\dulsh\AppData\Roaming\Code\User\globalStorage\redhat.java\1.43.1\config_win -data c:\Users\dulsh\AppData\Roaming\Code\User\workspaceStorage\b67a3c49d906b0a36183f13a085d2511\redhat.java\jdt_ws --pipe=\\.\pipe\lsp-0870470080097d1a20524cddb7e0a3e3-sock
java_class_path (initial): c:\Users\dulsh\.vscode\extensions\redhat.java-1.43.1-win32-x64\server\plugins\org.eclipse.equinox.launcher_1.7.0.v20250519-0528.jar
Launcher Type: SUN_STANDARD

[Global flags]
    uintx AdaptiveSizePolicyWeight                 = 90                                        {product} {command line}
     intx CICompilerCount                          = 3                                         {product} {ergonomic}
    uintx GCTimeRatio                              = 4                                         {product} {command line}
     bool HeapDumpOnOutOfMemoryError               = true                                   {manageable} {command line}
    ccstr HeapDumpPath                             = c:\Users\dulsh\AppData\Roaming\Code\User\workspaceStorage\b67a3c49d906b0a36183f13a085d2511\redhat.java         {manageable} {command line}
   size_t InitialHeapSize                          = 104857600                                 {product} {command line}
   size_t MaxHeapSize                              = 2147483648                                {product} {command line}
   size_t MaxNewSize                               = 715653120                                 {product} {ergonomic}
   size_t MinHeapDeltaBytes                        = 524288                                    {product} {ergonomic}
   size_t MinHeapSize                              = 104857600                                 {product} {command line}
   size_t NewSize                                  = 34603008                                  {product} {ergonomic}
    uintx NonNMethodCodeHeapSize                   = 5832780                                {pd product} {ergonomic}
    uintx NonProfiledCodeHeapSize                  = 122912730                              {pd product} {ergonomic}
   size_t OldSize                                  = 70254592                                  {product} {ergonomic}
    uintx ProfiledCodeHeapSize                     = 122912730                              {pd product} {ergonomic}
    uintx ReservedCodeCacheSize                    = 251658240                              {pd product} {ergonomic}
     bool SegmentedCodeCache                       = true                                      {product} {ergonomic}
   size_t SoftMaxHeapSize                          = 2147483648                             {manageable} {ergonomic}
     bool UseCompressedOops                        = true                           {product lp64_product} {ergonomic}
     bool UseLargePagesIndividualAllocation        = false                                  {pd product} {ergonomic}
     bool UseParallelGC                            = true                                      {product} {command line}

Logging:
Log output configuration:
 #0: stdout all=off uptime,level,tags foldmultilines=false
 #1: stderr all=off uptime,level,tags foldmultilines=false

Environment Variables:
JAVA_HOME=C:\Program Files\Java\jdk-21
PATH=C:\Program Files\Eclipse Adoptium\jdk-21.0.7.6-hotspot\bin;C:\Program Files\Common Files\Oracle\Java\javapath;C:\WINDOWS\system32;C:\WINDOWS;C:\WINDOWS\System32\Wbem;C:\WINDOWS\System32\WindowsPowerShell\v1.0\;C:\WINDOWS\System32\OpenSSH\;C:\Program Files\Java\jdk-21\bin;C:\Program Files\nodejs\;C:\Program Files\Java\jdk-17\bin;C:\Program Files\Git\cmd;C:\Program Files\MySQL\MySQL Server 8.0\bin;C:\Program Files\MySQL\MySQL Shell 8.0\bin\;C:\Users\dulsh\AppData\Local\Microsoft\WindowsApps;C:\Program Files\JetBrains\IntelliJ IDEA Community Edition 2025.1.2\bin;;C:\Users\dulsh\AppData\Local\Programs\Microsoft VS Code\bin;C:\Users\dulsh\AppData\Roaming\npm;C:\Users\dulsh\AppData\Local\GitHubDesktop\bin;C:\Program Files\JetBrains\IntelliJ IDEA 2025.1.3\bin;
USERNAME=dulsh
OS=Windows_NT
PROCESSOR_IDENTIFIER=Intel64 Family 6 Model 126 Stepping 5, GenuineIntel
TMP=C:\Users\dulsh\AppData\Local\Temp
TEMP=C:\Users\dulsh\AppData\Local\Temp




Periodic native trim disabled

---------------  S Y S T E M  ---------------

OS:
 Windows 11 , 64 bit Build 26100 (10.0.26100.4202)
OS uptime: 2 days 13:16 hours

CPU: total 4 (initial active 4) (2 cores per cpu, 2 threads per core) family 6 model 126 stepping 5 microcode 0xa6, cx8, cmov, fxsr, ht, mmx, 3dnowpref, sse, sse2, sse3, ssse3, sse4.1, sse4.2, popcnt, lzcnt, tsc, tscinvbit, avx, avx2, aes, erms, clmul, bmi1, bmi2, adx, avx512f, avx512dq, avx512cd, avx512bw, avx512vl, sha, fma, vzeroupper, avx512_vpopcntdq, avx512_vpclmulqdq, avx512_vaes, avx512_vnni, clflush, clflushopt, avx512_vbmi2, avx512_vbmi, rdtscp, rdpid, fsrm, gfni, avx512_bitalg, f16c, pku, avx512_ifma
Processor Information for the first 4 processors :
  Max Mhz: 1201, Current Mhz: 1201, Mhz Limit: 1201

Memory: 4k page, system-wide physical 3834M (166M free)
TotalPageFile size 15610M (AvailPageFile size 2M)
current process WorkingSet (physical memory assigned to process): 175M, peak: 242M
current process commit charge ("private bytes"): 352M, peak: 372M

vm_info: OpenJDK 64-Bit Server VM (21.0.7+6-LTS) for windows-amd64 JRE (21.0.7+6-LTS), built on 2025-04-15T00:00:00Z by "admin" with MS VC++ 17.7 (VS2022)

END.
